000.000 =============================================================
000.000                     Station B                               
000.000 -------------------------------------------------------------
000.000 Protocol.lib, version 4.0, jiangyanjun0718@bupt.edu.cn
000.000 Channel: 8000 bps, 270 ms propagation delay, bit error rate 1.0E-05
000.000 Log file "D:\Desktop\Lab1-Windows-VS2019\x64-Debug\datalink-B.log", TCP port 59144, debug mask 0x00
000.000 Station B is connecting station A (TCP port 59144) ... Failed!
000.000 Station B is connecting station A (TCP port 59144) ... Failed!
000.000 Station B is connecting station A (TCP port 59144) ... Done.
000.306 New epoch: Tue May 13 09:43:25 2025
000.306 =================================================================
000.306 
000.306 Melo && Songshuyu : May 12 2025  21:56:13
002.699 .... 8 packets received, 7736 bps, 96.69%, Err 0 (0.0e+00)
005.642 .... 15 packets received, 6070 bps, 75.87%, Err 1 (2.4e-05)
007.734 .... 26 packets received, 7444 bps, 93.05%, Err 1 (1.7e-05)
009.865 .... 34 packets received, 7500 bps, 93.75%, Err 1 (1.3e-05)
011.965 .... 42 packets received, 7556 bps, 94.45%, Err 1 (1.1e-05)
014.053 .... 50 packets received, 7601 bps, 95.01%, Err 1 (9.1e-06)
016.166 .... 58 packets received, 7622 bps, 95.27%, Err 1 (7.9e-06)
018.293 .... 66 packets received, 7631 bps, 95.39%, Err 1 (7.0e-06)
020.426 .... 74 packets received, 7637 bps, 95.46%, Err 2 (1.2e-05)
022.539 .... 81 packets received, 7555 bps, 94.44%, Err 3 (1.7e-05)
024.621 .... 89 packets received, 7582 bps, 94.78%, Err 3 (1.5e-05)
026.721 .... 97 packets received, 7600 bps, 95.00%, Err 4 (1.9e-05)
028.865 .... 105 packets received, 7603 bps, 95.04%, Err 4 (1.8e-05)
030.961 .... 113 packets received, 7618 bps, 95.22%, Err 4 (1.6e-05)
033.072 .... 117 packets received, 7375 bps, 92.19%, Err 6 (2.3e-05)
035.201 .... 127 packets received, 7513 bps, 93.91%, Err 6 (2.2e-05)
037.311 .... 133 packets received, 7416 bps, 92.70%, Err 6 (2.0e-05)
039.426 .... 139 packets received, 7328 bps, 91.61%, Err 6 (1.9e-05)
041.815 .... 146 packets received, 7251 bps, 90.64%, Err 7 (2.1e-05)
043.917 .... 153 packets received, 7231 bps, 90.38%, Err 7 (2.0e-05)
046.048 .... 159 packets received, 7162 bps, 89.52%, Err 7 (1.9e-05)
048.406 .... 166 packets received, 7109 bps, 88.86%, Err 7 (1.8e-05)
050.520 .... 173 packets received, 7095 bps, 88.68%, Err 7 (1.7e-05)
052.625 .... 179 packets received, 7044 bps, 88.05%, Err 8 (1.9e-05)
055.021 .... 186 packets received, 6997 bps, 87.47%, Err 8 (1.8e-05)
057.385 .... 193 packets received, 6958 bps, 86.98%, Err 8 (1.8e-05)
059.518 .... 199 packets received, 6915 bps, 86.44%, Err 8 (1.7e-05)
061.597 .... 205 packets received, 6881 bps, 86.01%, Err 8 (1.6e-05)
063.730 .... 211 packets received, 6843 bps, 85.54%, Err 8 (1.6e-05)
065.853 .... 217 packets received, 6809 bps, 85.11%, Err 8 (1.5e-05)
067.948 .... 223 packets received, 6779 bps, 84.74%, Err 8 (1.5e-05)
070.088 .... 229 packets received, 6747 bps, 84.34%, Err 9 (1.6e-05)
072.196 .... 235 packets received, 6720 bps, 84.00%, Err 9 (1.6e-05)
074.307 .... 241 packets received, 6695 bps, 83.68%, Err 9 (1.5e-05)
076.926 .... 246 packets received, 6599 bps, 82.49%, Err 11 (1.8e-05)
079.054 .... 255 packets received, 6655 bps, 83.19%, Err 11 (1.7e-05)
081.166 .... 263 packets received, 6684 bps, 83.55%, Err 11 (1.7e-05)
083.264 .... 271 packets received, 6712 bps, 83.91%, Err 11 (1.7e-05)
085.374 .... 279 packets received, 6739 bps, 84.23%, Err 11 (1.6e-05)
087.496 .... 287 packets received, 6763 bps, 84.53%, Err 11 (1.6e-05)
089.613 .... 295 packets received, 6786 bps, 84.82%, Err 11 (1.5e-05)
091.706 .... 303 packets received, 6810 bps, 85.12%, Err 11 (1.5e-05)
093.850 .... 311 packets received, 6829 bps, 85.36%, Err 11 (1.5e-05)
095.951 .... 319 packets received, 6850 bps, 85.63%, Err 11 (1.4e-05)
098.055 .... 327 packets received, 6871 bps, 85.88%, Err 11 (1.4e-05)
100.170 .... 335 packets received, 6889 bps, 86.11%, Err 12 (1.5e-05)
102.274 .... 342 packets received, 6888 bps, 86.09%, Err 12 (1.5e-05)
104.397 .... 350 packets received, 6905 bps, 86.31%, Err 12 (1.4e-05)
106.523 .... 358 packets received, 6921 bps, 86.51%, Err 12 (1.4e-05)
108.616 .... 366 packets received, 6938 bps, 86.73%, Err 12 (1.4e-05)
110.758 .... 374 packets received, 6952 bps, 86.90%, Err 12 (1.4e-05)
112.835 .... 382 packets received, 6969 bps, 87.12%, Err 12 (1.3e-05)
115.497 .... 388 packets received, 6915 bps, 86.44%, Err 13 (1.4e-05)
117.600 .... 399 packets received, 6983 bps, 87.29%, Err 13 (1.4e-05)
119.715 .... 407 packets received, 6997 bps, 87.46%, Err 13 (1.4e-05)
121.828 .... 415 packets received, 7010 bps, 87.62%, Err 14 (1.4e-05)
123.956 .... 422 packets received, 7005 bps, 87.56%, Err 14 (1.4e-05)
126.041 .... 430 packets received, 7019 bps, 87.74%, Err 14 (1.4e-05)
128.153 .... 438 packets received, 7032 bps, 87.89%, Err 14 (1.4e-05)
130.291 .... 446 packets received, 7042 bps, 88.02%, Err 14 (1.3e-05)
132.388 .... 454 packets received, 7054 bps, 88.18%, Err 14 (1.3e-05)
134.516 .... 462 packets received, 7064 bps, 88.31%, Err 14 (1.3e-05)
136.612 .... 470 packets received, 7076 bps, 88.45%, Err 14 (1.3e-05)
138.709 .... 478 packets received, 7087 bps, 88.59%, Err 14 (1.3e-05)
140.857 .... 486 packets received, 7095 bps, 88.69%, Err 14 (1.2e-05)
142.939 .... 494 packets received, 7107 bps, 88.84%, Err 14 (1.2e-05)
145.052 .... 502 packets received, 7116 bps, 88.95%, Err 14 (1.2e-05)
147.159 .... 510 packets received, 7126 bps, 89.07%, Err 14 (1.2e-05)
149.264 .... 518 packets received, 7135 bps, 89.19%, Err 14 (1.2e-05)
151.388 .... 526 packets received, 7143 bps, 89.29%, Err 14 (1.2e-05)
153.523 .... 534 packets received, 7151 bps, 89.38%, Err 14 (1.1e-05)
155.616 .... 542 packets received, 7160 bps, 89.50%, Err 14 (1.1e-05)
157.726 .... 550 packets received, 7168 bps, 89.60%, Err 14 (1.1e-05)
159.836 .... 558 packets received, 7176 bps, 89.70%, Err 14 (1.1e-05)
161.954 .... 566 packets received, 7183 bps, 89.79%, Err 14 (1.1e-05)
164.068 .... 574 packets received, 7190 bps, 89.88%, Err 14 (1.1e-05)
166.185 .... 582 packets received, 7198 bps, 89.97%, Err 14 (1.1e-05)
168.310 .... 590 packets received, 7204 bps, 90.05%, Err 14 (1.0e-05)
170.412 .... 598 packets received, 7211 bps, 90.14%, Err 14 (1.0e-05)
172.786 .... 603 packets received, 7171 bps, 89.64%, Err 15 (1.1e-05)
174.887 .... 614 packets received, 7214 bps, 90.18%, Err 15 (1.1e-05)
176.981 .... 622 packets received, 7221 bps, 90.27%, Err 15 (1.1e-05)
179.128 .... 630 packets received, 7226 bps, 90.33%, Err 15 (1.0e-05)
181.209 .... 638 packets received, 7234 bps, 90.42%, Err 15 (1.0e-05)
183.342 .... 646 packets received, 7239 bps, 90.49%, Err 15 (1.0e-05)
185.442 .... 654 packets received, 7245 bps, 90.57%, Err 15 (1.0e-05)
187.568 .... 662 packets received, 7251 bps, 90.63%, Err 15 (1.0e-05)
189.678 .... 670 packets received, 7256 bps, 90.70%, Err 15 (9.9e-06)
191.779 .... 678 packets received, 7262 bps, 90.78%, Err 15 (9.8e-06)
193.884 .... 686 packets received, 7268 bps, 90.85%, Err 15 (9.7e-06)
196.005 .... 694 packets received, 7273 bps, 90.91%, Err 15 (9.6e-06)
198.112 .... 701 packets received, 7268 bps, 90.85%, Err 16 (1.0e-05)
200.246 .... 705 packets received, 7231 bps, 90.39%, Err 17 (1.1e-05)
202.328 .... 716 packets received, 7268 bps, 90.85%, Err 17 (1.1e-05)
204.440 .... 724 packets received, 7273 bps, 90.92%, Err 17 (1.0e-05)
206.571 .... 732 packets received, 7278 bps, 90.97%, Err 17 (1.0e-05)
208.698 .... 740 packets received, 7282 bps, 91.03%, Err 17 (1.0e-05)
210.793 .... 748 packets received, 7287 bps, 91.09%, Err 17 (1.0e-05)
212.923 .... 756 packets received, 7291 bps, 91.14%, Err 17 (1.0e-05)
215.033 .... 764 packets received, 7296 bps, 91.20%, Err 17 (9.9e-06)
217.146 .... 771 packets received, 7291 bps, 91.14%, Err 18 (1.0e-05)
219.257 .... 779 packets received, 7296 bps, 91.20%, Err 18 (1.0e-05)
221.346 .... 787 packets received, 7301 bps, 91.26%, Err 18 (1.0e-05)
223.457 .... 795 packets received, 7305 bps, 91.32%, Err 18 (1.0e-05)
225.573 .... 802 packets received, 7300 bps, 91.25%, Err 19 (1.1e-05)
227.703 .... 810 packets received, 7304 bps, 91.30%, Err 19 (1.0e-05)
229.814 .... 818 packets received, 7308 bps, 91.35%, Err 19 (1.0e-05)
231.922 .... 826 packets received, 7312 bps, 91.40%, Err 19 (1.0e-05)
234.037 .... 834 packets received, 7316 bps, 91.45%, Err 19 (1.0e-05)
236.157 .... 842 packets received, 7320 bps, 91.50%, Err 19 (1.0e-05)
238.249 .... 850 packets received, 7325 bps, 91.56%, Err 19 (1.0e-05)
240.370 .... 858 packets received, 7328 bps, 91.60%, Err 19 (9.9e-06)
242.474 .... 866 packets received, 7332 bps, 91.65%, Err 19 (9.8e-06)
244.595 .... 874 packets received, 7335 bps, 91.69%, Err 19 (9.7e-06)
246.715 .... 882 packets received, 7339 bps, 91.74%, Err 19 (9.6e-06)
248.835 .... 890 packets received, 7342 bps, 91.78%, Err 19 (9.6e-06)
250.930 .... 898 packets received, 7346 bps, 91.83%, Err 19 (9.5e-06)
253.039 .... 906 packets received, 7350 bps, 91.87%, Err 19 (9.4e-06)
255.156 .... 914 packets received, 7353 bps, 91.91%, Err 19 (9.3e-06)
257.278 .... 922 packets received, 7356 bps, 91.95%, Err 19 (9.2e-06)
259.416 .... 930 packets received, 7359 bps, 91.98%, Err 19 (9.2e-06)
261.516 .... 937 packets received, 7354 bps, 91.93%, Err 20 (9.6e-06)
263.623 .... 941 packets received, 7326 bps, 91.58%, Err 21 (1.0e-05)
265.728 .... 952 packets received, 7353 bps, 91.92%, Err 21 (9.9e-06)
267.848 .... 960 packets received, 7356 bps, 91.95%, Err 21 (9.8e-06)
269.961 .... 968 packets received, 7359 bps, 91.99%, Err 21 (9.7e-06)
272.078 .... 976 packets received, 7362 bps, 92.03%, Err 21 (9.7e-06)
274.193 .... 984 packets received, 7365 bps, 92.07%, Err 21 (9.6e-06)
276.562 .... 989 packets received, 7339 bps, 91.74%, Err 22 (1.0e-05)
278.672 .... 1000 packets received, 7364 bps, 92.06%, Err 22 (9.9e-06)
280.810 .... 1008 packets received, 7367 bps, 92.08%, Err 22 (9.8e-06)
282.949 .... 1016 packets received, 7369 bps, 92.11%, Err 22 (9.7e-06)
286.359 .... 1024 packets received, 7338 bps, 91.73%, Err 23 (1.0e-05)
288.485 .... 1036 packets received, 7370 bps, 92.12%, Err 23 (1.0e-05)
290.598 .... 1044 packets received, 7372 bps, 92.15%, Err 23 (9.9e-06)
294.043 .... 1052 packets received, 7342 bps, 91.77%, Err 24 (1.0e-05)
296.162 .... 1064 packets received, 7372 bps, 92.15%, Err 24 (1.0e-05)
298.275 .... 1072 packets received, 7375 bps, 92.19%, Err 24 (1.0e-05)
300.372 .... 1080 packets received, 7378 bps, 92.22%, Err 24 (1.0e-05)
302.763 .... 1085 packets received, 7353 bps, 91.92%, Err 25 (1.0e-05)
304.872 .... 1096 packets received, 7377 bps, 92.21%, Err 25 (1.0e-05)
307.014 .... 1104 packets received, 7378 bps, 92.23%, Err 26 (1.1e-05)
309.092 .... 1112 packets received, 7382 bps, 92.27%, Err 26 (1.1e-05)
311.194 .... 1120 packets received, 7385 bps, 92.31%, Err 26 (1.0e-05)
313.335 .... 1128 packets received, 7386 bps, 92.33%, Err 26 (1.0e-05)
315.428 .... 1136 packets received, 7389 bps, 92.37%, Err 26 (1.0e-05)
317.519 .... 1144 packets received, 7392 bps, 92.40%, Err 26 (1.0e-05)
319.650 .... 1152 packets received, 7394 bps, 92.43%, Err 26 (1.0e-05)
321.752 .... 1160 packets received, 7397 bps, 92.46%, Err 26 (1.0e-05)
323.880 .... 1168 packets received, 7399 bps, 92.49%, Err 26 (1.0e-05)
325.978 .... 1176 packets received, 7402 bps, 92.52%, Err 26 (1.0e-05)
328.087 .... 1184 packets received, 7404 bps, 92.55%, Err 26 (9.9e-06)
331.010 .... 1191 packets received, 7382 bps, 92.27%, Err 27 (1.0e-05)
333.125 .... 1202 packets received, 7403 bps, 92.53%, Err 27 (1.0e-05)
335.237 .... 1210 packets received, 7405 bps, 92.56%, Err 27 (1.0e-05)
337.354 .... 1218 packets received, 7407 bps, 92.59%, Err 27 (1.0e-05)
339.445 .... 1226 packets received, 7410 bps, 92.62%, Err 27 (1.0e-05)
342.105 .... 1232 packets received, 7388 bps, 92.35%, Err 28 (1.0e-05)
344.218 .... 1243 packets received, 7408 bps, 92.60%, Err 28 (1.0e-05)
346.327 .... 1251 packets received, 7410 bps, 92.63%, Err 28 (1.0e-05)
348.441 .... 1259 packets received, 7412 bps, 92.65%, Err 28 (1.0e-05)
351.606 .... 1267 packets received, 7392 bps, 92.40%, Err 29 (1.0e-05)
353.719 .... 1278 packets received, 7412 bps, 92.65%, Err 29 (1.0e-05)
355.833 .... 1286 packets received, 7414 bps, 92.67%, Err 29 (1.0e-05)
357.930 .... 1294 packets received, 7416 bps, 92.70%, Err 29 (1.0e-05)
360.036 .... 1302 packets received, 7418 bps, 92.73%, Err 29 (1.0e-05)
362.156 .... 1310 packets received, 7420 bps, 92.75%, Err 29 (1.0e-05)
364.275 .... 1318 packets received, 7422 bps, 92.77%, Err 29 (1.0e-05)
366.390 .... 1326 packets received, 7424 bps, 92.80%, Err 29 (9.9e-06)
368.504 .... 1330 packets received, 7403 bps, 92.54%, Err 30 (1.0e-05)
370.634 .... 1340 packets received, 7416 bps, 92.70%, Err 31 (1.0e-05)
372.717 .... 1348 packets received, 7419 bps, 92.73%, Err 31 (1.0e-05)
374.831 .... 1356 packets received, 7420 bps, 92.76%, Err 31 (1.0e-05)
376.965 .... 1364 packets received, 7422 bps, 92.77%, Err 31 (1.0e-05)
379.049 .... 1372 packets received, 7424 bps, 92.80%, Err 31 (1.0e-05)
381.175 .... 1380 packets received, 7426 bps, 92.82%, Err 31 (1.0e-05)
383.289 .... 1388 packets received, 7428 bps, 92.85%, Err 31 (1.0e-05)
388.517 ** WARNING: System too busy, sleep 15 ms, but be awakened 3307 ms later
388.685 .... 1396 packets received, 7367 bps, 92.08%, Err 31 (1.0e-05)
391.187 .... 1403 packets received, 7356 bps, 91.95%, Err 31 (1.0e-05)
393.290 .... 1409 packets received, 7348 bps, 91.85%, Err 31 (9.9e-06)
395.419 .... 1415 packets received, 7340 bps, 91.74%, Err 31 (9.9e-06)
397.520 .... 1421 packets received, 7332 bps, 91.65%, Err 31 (9.8e-06)
