d:\users\sevengrass\documents\williamzhang\computernetwork\lab\lab1-2024(win+linux)\lab1-windows-vs2019\x64-debug\vc143.pdb
d:\users\sevengrass\documents\williamzhang\computernetwork\lab\lab1-2024(win+linux)\lab1-windows-vs2019\x64-debug\vc143.idb
d:\users\sevengrass\documents\williamzhang\computernetwork\lab\lab1-2024(win+linux)\lab1-windows-vs2019\x64-debug\protocol.obj
d:\users\sevengrass\documents\williamzhang\computernetwork\lab\lab1-2024(win+linux)\lab1-windows-vs2019\x64-debug\protocol.asm
d:\users\sevengrass\documents\williamzhang\computernetwork\lab\lab1-2024(win+linux)\lab1-windows-vs2019\x64-debug\lprintf.obj
d:\users\sevengrass\documents\williamzhang\computernetwork\lab\lab1-2024(win+linux)\lab1-windows-vs2019\x64-debug\lprintf.asm
d:\users\sevengrass\documents\williamzhang\computernetwork\lab\lab1-2024(win+linux)\lab1-windows-vs2019\x64-debug\getopt.obj
d:\users\sevengrass\documents\williamzhang\computernetwork\lab\lab1-2024(win+linux)\lab1-windows-vs2019\x64-debug\getopt.asm
d:\users\sevengrass\documents\williamzhang\computernetwork\lab\lab1-2024(win+linux)\lab1-windows-vs2019\x64-debug\datalink.obj
d:\users\sevengrass\documents\williamzhang\computernetwork\lab\lab1-2024(win+linux)\lab1-windows-vs2019\x64-debug\datalink.asm
d:\users\sevengrass\documents\williamzhang\computernetwork\lab\lab1-2024(win+linux)\lab1-windows-vs2019\x64-debug\crc32.obj
d:\users\sevengrass\documents\williamzhang\computernetwork\lab\lab1-2024(win+linux)\lab1-windows-vs2019\x64-debug\crc32.asm
d:\users\sevengrass\documents\williamzhang\computernetwork\lab\lab1-2024(win+linux)\lab1-windows-vs2019\x64-debug\datalink.exe
d:\users\sevengrass\documents\williamzhang\computernetwork\lab\lab1-2024(win+linux)\lab1-windows-vs2019\x64-debug\datalink.pdb
d:\users\sevengrass\documents\williamzhang\computernetwork\lab\lab1-2024(win+linux)\lab1-windows-vs2019\x64-debug\datalink.ilk
d:\desktop\lab1-windows-vs2019\x64-debug\crc32.obj
d:\desktop\lab1-windows-vs2019\x64-debug\datalink.obj
d:\desktop\lab1-windows-vs2019\x64-debug\getopt.obj
d:\desktop\lab1-windows-vs2019\x64-debug\lprintf.obj
d:\desktop\lab1-windows-vs2019\x64-debug\protocol.obj
d:\desktop\lab1-windows-vs2019\x64-debug\datalink.ilk
d:\desktop\lab1-windows-vs2019\x64-debug\vc143.idb
d:\desktop\lab1-windows-vs2019\x64-debug\datalink.pdb
d:\desktop\lab1-windows-vs2019\x64-debug\vc143.pdb
d:\desktop\lab1-windows-vs2019\x64-debug\datalink.exe
d:\desktop\lab1-windows-vs2019\x64-debug\datalink.tlog\cl.command.1.tlog
d:\desktop\lab1-windows-vs2019\x64-debug\datalink.tlog\cl.items.tlog
d:\desktop\lab1-windows-vs2019\x64-debug\datalink.tlog\cl.read.1.tlog
d:\desktop\lab1-windows-vs2019\x64-debug\datalink.tlog\cl.write.1.tlog
d:\desktop\lab1-windows-vs2019\x64-debug\datalink.tlog\link.command.1.tlog
d:\desktop\lab1-windows-vs2019\x64-debug\datalink.tlog\link.read.1.tlog
d:\desktop\lab1-windows-vs2019\x64-debug\datalink.tlog\link.secondary.1.tlog
d:\desktop\lab1-windows-vs2019\x64-debug\datalink.tlog\link.write.1.tlog
