000.000 =============================================================
000.000                     Station A                               
000.000 -------------------------------------------------------------
000.000 Protocol.lib, version 4.0, jiangyanjun0718@bupt.edu.cn
000.000 Channel: 8000 bps, 270 ms propagation delay, bit error rate 1.0E-05
000.000 Log file "D:\Desktop\Lab1-Windows-VS2019\x64-Debug\datalink-A.log", TCP port 59144, debug mask 0x00
000.000 Station A is waiting for station B on TCP port 59144 ... Done.
000.306 New epoch: Tue May 13 09:43:25 2025
000.306 =================================================================
000.306 
000.306 Melo && Songshuyu : May 12 2025  21:56:13
003.434 .... 4 packets received, 3833 bps, 47.92%, Err 1 (5.3e-05)
005.546 .... 15 packets received, 7230 bps, 90.37%, Err 1 (2.8e-05)
007.669 .... 23 packets received, 7392 bps, 92.40%, Err 1 (1.9e-05)
009.753 .... 31 packets received, 7508 bps, 93.85%, Err 1 (1.4e-05)
011.885 .... 39 packets received, 7544 bps, 94.30%, Err 1 (1.2e-05)
013.974 .... 47 packets received, 7593 bps, 94.91%, Err 1 (9.7e-06)
016.118 .... 55 packets received, 7600 bps, 95.00%, Err 1 (8.3e-06)
018.229 .... 63 packets received, 7620 bps, 95.25%, Err 1 (7.3e-06)
020.313 .... 71 packets received, 7647 bps, 95.58%, Err 1 (6.5e-06)
022.443 .... 79 packets received, 7651 bps, 95.64%, Err 1 (5.8e-06)
024.573 .... 87 packets received, 7655 bps, 95.69%, Err 1 (5.3e-06)
026.657 .... 95 packets received, 7672 bps, 95.90%, Err 1 (4.9e-06)
029.569 .... 98 packets received, 7099 bps, 88.74%, Err 3 (1.3e-05)
031.679 .... 112 packets received, 7550 bps, 94.37%, Err 3 (1.2e-05)
033.810 .... 120 packets received, 7559 bps, 94.49%, Err 3 (1.1e-05)
035.933 .... 128 packets received, 7569 bps, 94.61%, Err 3 (1.1e-05)
038.065 .... 136 packets received, 7575 bps, 94.69%, Err 3 (1.0e-05)
040.165 .... 144 packets received, 7588 bps, 94.84%, Err 3 (9.6e-06)
042.312 .... 152 packets received, 7590 bps, 94.87%, Err 3 (9.1e-06)
044.962 .... 157 packets received, 7364 bps, 92.05%, Err 4 (1.1e-05)
047.069 .... 169 packets received, 7562 bps, 94.52%, Err 4 (1.1e-05)
049.208 .... 177 packets received, 7566 bps, 94.58%, Err 4 (1.0e-05)
051.315 .... 185 packets received, 7575 bps, 94.69%, Err 5 (1.2e-05)
053.440 .... 193 packets received, 7580 bps, 94.75%, Err 5 (1.2e-05)
055.566 .... 201 packets received, 7585 bps, 94.82%, Err 5 (1.1e-05)
057.707 .... 209 packets received, 7588 bps, 94.85%, Err 5 (1.1e-05)
059.822 .... 217 packets received, 7594 bps, 94.92%, Err 6 (1.3e-05)
061.963 .... 225 packets received, 7596 bps, 94.95%, Err 6 (1.2e-05)
064.084 .... 232 packets received, 7567 bps, 94.59%, Err 7 (1.4e-05)
066.186 .... 240 packets received, 7575 bps, 94.68%, Err 7 (1.3e-05)
068.314 .... 248 packets received, 7579 bps, 94.73%, Err 7 (1.3e-05)
070.457 .... 256 packets received, 7581 bps, 94.76%, Err 7 (1.3e-05)
072.580 .... 264 packets received, 7585 bps, 94.81%, Err 7 (1.2e-05)
074.723 .... 272 packets received, 7587 bps, 94.83%, Err 7 (1.2e-05)
076.847 .... 280 packets received, 7590 bps, 94.88%, Err 7 (1.2e-05)
078.958 .... 288 packets received, 7595 bps, 94.94%, Err 7 (1.1e-05)
081.071 .... 296 packets received, 7599 bps, 94.99%, Err 7 (1.1e-05)
083.201 .... 304 packets received, 7601 bps, 95.02%, Err 7 (1.1e-05)
085.277 .... 312 packets received, 7609 bps, 95.11%, Err 7 (1.0e-05)
087.414 .... 320 packets received, 7610 bps, 95.13%, Err 7 (1.0e-05)
089.501 .... 328 packets received, 7616 bps, 95.20%, Err 7 (9.9e-06)
091.610 .... 336 packets received, 7619 bps, 95.24%, Err 7 (9.7e-06)
093.739 .... 340 packets received, 7533 bps, 94.16%, Err 8 (1.1e-05)
095.856 .... 351 packets received, 7602 bps, 95.03%, Err 8 (1.1e-05)
097.959 .... 359 packets received, 7606 bps, 95.08%, Err 8 (1.0e-05)
100.091 .... 367 packets received, 7608 bps, 95.10%, Err 8 (1.0e-05)
104.444 .... 369 packets received, 7327 bps, 91.58%, Err 8 (1.0e-05)
108.584 .... 370 packets received, 7063 bps, 88.29%, Err 8 (1.0e-05)
112.580 .... 371 packets received, 6828 bps, 85.35%, Err 8 (1.0e-05)
116.690 .... 372 packets received, 6602 bps, 82.53%, Err 8 (1.0e-05)
120.770 .... 373 packets received, 6394 bps, 79.92%, Err 8 (9.9e-06)
125.015 .... 374 packets received, 6191 bps, 77.39%, Err 8 (9.9e-06)
129.092 .... 375 packets received, 6010 bps, 75.12%, Err 8 (9.9e-06)
133.157 .... 376 packets received, 5840 bps, 73.00%, Err 8 (9.9e-06)
137.299 .... 377 packets received, 5677 bps, 70.96%, Err 8 (9.8e-06)
141.415 .... 378 packets received, 5525 bps, 69.06%, Err 8 (9.8e-06)
145.518 .... 379 packets received, 5382 bps, 67.27%, Err 8 (9.8e-06)
149.712 .... 380 packets received, 5244 bps, 65.55%, Err 8 (9.7e-06)
153.731 .... 381 packets received, 5119 bps, 63.99%, Err 8 (9.7e-06)
157.889 .... 382 packets received, 4996 bps, 62.45%, Err 8 (9.7e-06)
161.938 .... 383 packets received, 4883 bps, 61.04%, Err 8 (9.6e-06)
166.120 .... 384 packets received, 4771 bps, 59.64%, Err 8 (9.6e-06)
170.220 .... 385 packets received, 4668 bps, 58.35%, Err 8 (9.6e-06)
174.218 .... 386 packets received, 4572 bps, 57.15%, Err 8 (9.6e-06)
178.328 .... 387 packets received, 4477 bps, 55.96%, Err 8 (9.5e-06)
182.430 .... 388 packets received, 4387 bps, 54.84%, Err 8 (9.5e-06)
186.529 .... 389 packets received, 4301 bps, 53.76%, Err 8 (9.5e-06)
190.690 .... 390 packets received, 4217 bps, 52.72%, Err 8 (9.4e-06)
194.714 .... 391 packets received, 4140 bps, 51.75%, Err 8 (9.4e-06)
198.850 .... 392 packets received, 4064 bps, 50.80%, Err 8 (9.4e-06)
201.062 .... 395 packets received, 4050 bps, 50.62%, Err 8 (9.3e-06)
203.194 .... 403 packets received, 4088 bps, 51.10%, Err 8 (9.1e-06)
205.306 .... 411 packets received, 4126 bps, 51.57%, Err 8 (8.9e-06)
208.730 .... 419 packets received, 4137 bps, 51.71%, Err 9 (9.8e-06)
210.844 .... 431 packets received, 4212 bps, 52.65%, Err 9 (9.6e-06)
212.954 .... 439 packets received, 4248 bps, 53.10%, Err 9 (9.4e-06)
215.049 .... 447 packets received, 4283 bps, 53.53%, Err 9 (9.3e-06)
217.209 .... 455 packets received, 4316 bps, 53.95%, Err 9 (9.1e-06)
219.304 .... 463 packets received, 4350 bps, 54.37%, Err 9 (8.9e-06)
221.394 .... 471 packets received, 4383 bps, 54.78%, Err 9 (8.8e-06)
223.505 .... 479 packets received, 4415 bps, 55.18%, Err 9 (8.7e-06)
225.638 .... 487 packets received, 4446 bps, 55.57%, Err 9 (8.5e-06)
227.767 .... 495 packets received, 4476 bps, 55.95%, Err 9 (8.4e-06)
229.846 .... 503 packets received, 4507 bps, 56.34%, Err 9 (8.2e-06)
231.969 .... 507 packets received, 4501 bps, 56.27%, Err 11 (9.9e-06)
234.085 .... 518 packets received, 4557 bps, 56.97%, Err 11 (9.8e-06)
236.204 .... 526 packets received, 4586 bps, 57.32%, Err 11 (9.6e-06)
238.297 .... 534 packets received, 4614 bps, 57.68%, Err 11 (9.5e-06)
240.417 .... 542 packets received, 4642 bps, 58.03%, Err 11 (9.4e-06)
242.521 .... 550 packets received, 4670 bps, 58.37%, Err 11 (9.2e-06)
245.439 .... 557 packets received, 4672 bps, 58.41%, Err 13 (1.1e-05)
247.561 .... 568 packets received, 4724 bps, 59.05%, Err 13 (1.1e-05)
249.699 .... 576 packets received, 4749 bps, 59.36%, Err 13 (1.0e-05)
251.760 .... 584 packets received, 4775 bps, 59.69%, Err 13 (1.0e-05)
253.881 .... 592 packets received, 4800 bps, 60.00%, Err 13 (1.0e-05)
256.015 .... 600 packets received, 4824 bps, 60.30%, Err 13 (1.0e-05)
259.431 .... 608 packets received, 4824 bps, 60.30%, Err 14 (1.1e-05)
262.331 .... 618 packets received, 4849 bps, 60.61%, Err 15 (1.1e-05)
264.469 .... 630 packets received, 4903 bps, 61.28%, Err 15 (1.1e-05)
266.558 .... 638 packets received, 4926 bps, 61.57%, Err 15 (1.1e-05)
268.696 .... 645 packets received, 4940 bps, 61.75%, Err 16 (1.1e-05)
270.780 .... 653 packets received, 4963 bps, 62.03%, Err 16 (1.1e-05)
272.912 .... 661 packets received, 4984 bps, 62.30%, Err 16 (1.1e-05)
275.027 .... 669 packets received, 5005 bps, 62.57%, Err 16 (1.1e-05)
277.123 .... 677 packets received, 5027 bps, 62.83%, Err 16 (1.1e-05)
279.263 .... 685 packets received, 5047 bps, 63.09%, Err 16 (1.1e-05)
281.609 .... 689 packets received, 5034 bps, 62.92%, Err 18 (1.2e-05)
283.732 .... 700 packets received, 5076 bps, 63.45%, Err 18 (1.2e-05)
286.115 .... 707 packets received, 5084 bps, 63.55%, Err 18 (1.2e-05)
291.647 .... 710 packets received, 5008 bps, 62.60%, Err 21 (1.3e-05)
293.778 .... 724 packets received, 5070 bps, 63.37%, Err 21 (1.3e-05)
295.895 .... 732 packets received, 5089 bps, 63.61%, Err 21 (1.3e-05)
298.020 .... 740 packets received, 5108 bps, 63.84%, Err 21 (1.3e-05)
300.106 .... 748 packets received, 5127 bps, 64.08%, Err 21 (1.3e-05)
304.503 .... 750 packets received, 5066 bps, 63.32%, Err 21 (1.3e-05)
308.566 .... 751 packets received, 5006 bps, 62.57%, Err 21 (1.3e-05)
312.711 .... 752 packets received, 4945 bps, 61.82%, Err 21 (1.3e-05)
316.769 .... 753 packets received, 4888 bps, 61.10%, Err 21 (1.3e-05)
320.862 .... 754 packets received, 4832 bps, 60.40%, Err 21 (1.3e-05)
324.905 .... 755 packets received, 4778 bps, 59.73%, Err 21 (1.3e-05)
328.931 .... 756 packets received, 4726 bps, 59.07%, Err 21 (1.3e-05)
332.949 .... 757 packets received, 4675 bps, 58.43%, Err 21 (1.3e-05)
337.082 .... 758 packets received, 4623 bps, 57.79%, Err 21 (1.3e-05)
341.102 .... 759 packets received, 4574 bps, 57.18%, Err 21 (1.3e-05)
345.304 .... 760 packets received, 4525 bps, 56.56%, Err 21 (1.2e-05)
349.445 .... 761 packets received, 4477 bps, 55.96%, Err 21 (1.2e-05)
353.511 .... 762 packets received, 4431 bps, 55.38%, Err 21 (1.2e-05)
357.544 .... 763 packets received, 4386 bps, 54.83%, Err 21 (1.2e-05)
361.743 .... 764 packets received, 4341 bps, 54.26%, Err 21 (1.2e-05)
365.861 .... 765 packets received, 4298 bps, 53.72%, Err 21 (1.2e-05)
369.863 .... 766 packets received, 4256 bps, 53.21%, Err 21 (1.2e-05)
373.951 .... 767 packets received, 4215 bps, 52.69%, Err 21 (1.2e-05)
378.066 .... 768 packets received, 4175 bps, 52.18%, Err 21 (1.2e-05)
382.153 .... 769 packets received, 4135 bps, 51.69%, Err 21 (1.2e-05)
388.517 ** WARNING: System too busy, sleep 15 ms, but be awakened 3307 ms later
388.837 .... 770 packets received, 4069 bps, 50.86%, Err 21 (1.2e-05)
393.146 .... 771 packets received, 4030 bps, 50.37%, Err 21 (1.2e-05)
397.312 .... 772 packets received, 3992 bps, 49.91%, Err 21 (1.2e-05)
